<?xml version="1.0" encoding="UTF-8"?>
<!-- Generated by org.testng.reporters.JUnitXMLReporter -->
<testsuite ignored="0" hostname="Saurabh" failures="0" tests="1" name="chrome" time="0.196" errors="0" timestamp="2023-02-02T18:12:46 IST">
  <testcase classname="TestNGPack.ABC" name="@BeforeTest beforetest" time="-1.675341766759E9">
    <failure type="org.testng.TestNGException" message="
Parameter &amp;apos;browser123&amp;apos; is required by BeforeTest on method beforetest but has not been marked @Optional or defined
in D:\ProjectAutomation\mesmerizetestng.xml">
      <![CDATA[org.testng.TestNGException: 
Parameter 'browser123' is required by BeforeTest on method beforetest but has not been marked @Optional or defined
in D:\ProjectAutomation\mesmerizetestng.xml
... Removed 21 stack frames]]>
    </failure>
  </testcase> <!-- @BeforeTest beforetest -->
  <testcase classname="TestNGPack.ABC" name="@BeforeClass beforeclas" time="0.0">
    <skipped/>
  </testcase> <!-- @BeforeClass beforeclas -->
  <testcase classname="TestNGPack.ABC" name="@BeforeMethod beforemethod" time="0.0">
    <skipped/>
  </testcase> <!-- @BeforeMethod beforemethod -->
  <testcase classname="TestNGPack.ABC" name="@AfterMethod aftermethod" time="0.0">
    <skipped/>
  </testcase> <!-- @AfterMethod aftermethod -->
  <testcase classname="TestNGPack.ABC" name="@AfterClass afterclass" time="0.0">
    <skipped/>
  </testcase> <!-- @AfterClass afterclass -->
  <testcase classname="TestNGPack.ABC" name="@AfterTest aftertest" time="0.0">
    <skipped/>
  </testcase> <!-- @AfterTest aftertest -->
  <testcase classname="TestNGPack.ABC" name="test1" time="0.001">
    <skipped/>
  </testcase> <!-- test1 -->
</testsuite> <!-- chrome -->
